  stdafx.cpp
c:\users\박유민\desktop\simple_dont_starve\apiframework(d2d)\apiframework(d2d)\commonmacrofunction.h(172): warning C4305: '-=': 'double'에서 'float'(으)로 잘립니다.
c:\users\박유민\desktop\simple_dont_starve\apiframework(d2d)\apiframework(d2d)\commonmacrofunction.h(185): warning C4305: '+=': 'double'에서 'float'(으)로 잘립니다.
c:\users\박유민\desktop\simple_dont_starve\apiframework(d2d)\apiframework(d2d)\commonmacrofunction.h(244): warning C4244: '인수': 'LONG'에서 'FLOAT'(으)로 변환하면서 데이터가 손실될 수 있습니다.
c:\users\박유민\desktop\simple_dont_starve\apiframework(d2d)\apiframework(d2d)\commonmacrofunction.h(247): warning C4244: '인수': 'int'에서 'FLOAT'(으)로 변환하면서 데이터가 손실될 수 있습니다.
c:\users\박유민\desktop\simple_dont_starve\apiframework(d2d)\apiframework(d2d)\image.h(117): warning C4838: 'float'에서 'LONG'(으)로의 변환에는 축소 변환이 필요합니다.
c:\users\박유민\desktop\simple_dont_starve\apiframework(d2d)\apiframework(d2d)\image.h(117): warning C4244: '초기화 중': 'float'에서 'LONG'(으)로 변환하면서 데이터가 손실될 수 있습니다.
c:\users\박유민\desktop\simple_dont_starve\apiframework(d2d)\apiframework(d2d)\image.h(125): warning C4838: 'float'에서 'LONG'(으)로의 변환에는 축소 변환이 필요합니다.
c:\users\박유민\desktop\simple_dont_starve\apiframework(d2d)\apiframework(d2d)\image.h(125): warning C4244: '초기화 중': 'float'에서 'LONG'(으)로 변환하면서 데이터가 손실될 수 있습니다.
  util.cpp
  timer.cpp
  timeManager.cpp
  soundManager.cpp
  sceneManager.cpp
  player_run.cpp
  player_idle.cpp
  menuScene.cpp
  mainGame.cpp
  loading.cpp
c:\users\박유민\desktop\simple_dont_starve\apiframework(d2d)\apiframework(d2d)\loading.cpp(24): warning C4244: '인수': 'float'에서 'int'(으)로 변환하면서 데이터가 손실될 수 있습니다.
c:\users\박유민\desktop\simple_dont_starve\apiframework(d2d)\apiframework(d2d)\loading.cpp(70): warning C4018: '>=': signed 또는 unsigned가 일치하지 않습니다.
  keyManager.cpp
  iniData.cpp
c:\users\박유민\desktop\simple_dont_starve\apiframework(d2d)\apiframework(d2d)\inidata.cpp(45): warning C4018: '<': signed 또는 unsigned가 일치하지 않습니다.
  imageManager.cpp
c:\users\박유민\desktop\simple_dont_starve\apiframework(d2d)\apiframework(d2d)\imagemanager.cpp(217): warning C4244: '인수': 'float'에서 'int'(으)로 변환하면서 데이터가 손실될 수 있습니다.
c:\users\박유민\desktop\simple_dont_starve\apiframework(d2d)\apiframework(d2d)\imagemanager.cpp(222): warning C4244: '인수': 'float'에서 'int'(으)로 변환하면서 데이터가 손실될 수 있습니다.
c:\users\박유민\desktop\simple_dont_starve\apiframework(d2d)\apiframework(d2d)\imagemanager.cpp(249): warning C4244: '인수': 'float'에서 'int'(으)로 변환하면서 데이터가 손실될 수 있습니다.
  image.cpp
c:\users\박유민\desktop\simple_dont_starve\apiframework(d2d)\apiframework(d2d)\image.cpp(23): warning C4244: '=': 'int'에서 'float'(으)로 변환하면서 데이터가 손실될 수 있습니다.
c:\users\박유민\desktop\simple_dont_starve\apiframework(d2d)\apiframework(d2d)\image.cpp(24): warning C4244: '=': 'int'에서 'float'(으)로 변환하면서 데이터가 손실될 수 있습니다.
c:\users\박유민\desktop\simple_dont_starve\apiframework(d2d)\apiframework(d2d)\image.cpp(43): warning C4244: '=': 'int'에서 'float'(으)로 변환하면서 데이터가 손실될 수 있습니다.
c:\users\박유민\desktop\simple_dont_starve\apiframework(d2d)\apiframework(d2d)\image.cpp(44): warning C4244: '=': 'int'에서 'float'(으)로 변환하면서 데이터가 손실될 수 있습니다.
c:\users\박유민\desktop\simple_dont_starve\apiframework(d2d)\apiframework(d2d)\image.cpp(47): warning C4244: '=': 'int'에서 'float'(으)로 변환하면서 데이터가 손실될 수 있습니다.
c:\users\박유민\desktop\simple_dont_starve\apiframework(d2d)\apiframework(d2d)\image.cpp(48): warning C4244: '=': 'int'에서 'float'(으)로 변환하면서 데이터가 손실될 수 있습니다.
c:\users\박유민\desktop\simple_dont_starve\apiframework(d2d)\apiframework(d2d)\image.cpp(66): warning C4244: '=': 'int'에서 'float'(으)로 변환하면서 데이터가 손실될 수 있습니다.
c:\users\박유민\desktop\simple_dont_starve\apiframework(d2d)\apiframework(d2d)\image.cpp(67): warning C4244: '=': 'int'에서 'float'(으)로 변환하면서 데이터가 손실될 수 있습니다.
c:\users\박유민\desktop\simple_dont_starve\apiframework(d2d)\apiframework(d2d)\image.cpp(109): warning C4244: '인수': 'int'에서 'FLOAT'(으)로 변환하면서 데이터가 손실될 수 있습니다.
c:\users\박유민\desktop\simple_dont_starve\apiframework(d2d)\apiframework(d2d)\image.cpp(115): warning C4244: '인수': 'int'에서 'FLOAT'(으)로 변환하면서 데이터가 손실될 수 있습니다.
c:\users\박유민\desktop\simple_dont_starve\apiframework(d2d)\apiframework(d2d)\image.cpp(193): warning C4244: '인수': 'int'에서 'FLOAT'(으)로 변환하면서 데이터가 손실될 수 있습니다.
  gameScene.cpp
c:\users\박유민\desktop\simple_dont_starve\apiframework(d2d)\apiframework(d2d)\gamescene.cpp(80): warning C4244: '-=': 'float'에서 'LONG'(으)로 변환하면서 데이터가 손실될 수 있습니다.
c:\users\박유민\desktop\simple_dont_starve\apiframework(d2d)\apiframework(d2d)\gamescene.cpp(84): warning C4244: '+=': 'float'에서 'LONG'(으)로 변환하면서 데이터가 손실될 수 있습니다.
c:\users\박유민\desktop\simple_dont_starve\apiframework(d2d)\apiframework(d2d)\gamescene.cpp(88): warning C4244: '-=': 'float'에서 'LONG'(으)로 변환하면서 데이터가 손실될 수 있습니다.
c:\users\박유민\desktop\simple_dont_starve\apiframework(d2d)\apiframework(d2d)\gamescene.cpp(92): warning C4244: '+=': 'float'에서 'LONG'(으)로 변환하면서 데이터가 손실될 수 있습니다.
c:\users\박유민\desktop\simple_dont_starve\apiframework(d2d)\apiframework(d2d)\gamescene.cpp(116): warning C4244: '인수': 'LONG'에서 'float'(으)로 변환하면서 데이터가 손실될 수 있습니다.
c:\users\박유민\desktop\simple_dont_starve\apiframework(d2d)\apiframework(d2d)\gamescene.cpp(120): warning C4305: '인수': 'double'에서 'float'(으)로 잘립니다.
c:\users\박유민\desktop\simple_dont_starve\apiframework(d2d)\apiframework(d2d)\gamescene.cpp(121): warning C4244: '인수': 'double'에서 'float'(으)로 변환하면서 데이터가 손실될 수 있습니다.
c:\users\박유민\desktop\simple_dont_starve\apiframework(d2d)\apiframework(d2d)\gamescene.cpp(122): warning C4305: '인수': 'double'에서 'float'(으)로 잘립니다.
c:\users\박유민\desktop\simple_dont_starve\apiframework(d2d)\apiframework(d2d)\gamescene.cpp(126): warning C4244: '인수': 'int'에서 'FLOAT'(으)로 변환하면서 데이터가 손실될 수 있습니다.
  gameNode.cpp
c:\users\박유민\desktop\simple_dont_starve\apiframework(d2d)\apiframework(d2d)\gamenode.cpp(24): warning C4244: '인수': 'float'에서 'UINT32'(으)로 변환하면서 데이터가 손실될 수 있습니다.
c:\users\박유민\desktop\simple_dont_starve\apiframework(d2d)\apiframework(d2d)\gamenode.cpp(27): warning C4244: '인수': 'float'에서 'UINT32'(으)로 변환하면서 데이터가 손실될 수 있습니다.
c:\users\박유민\desktop\simple_dont_starve\apiframework(d2d)\apiframework(d2d)\gamenode.cpp(90): warning C4244: '=': 'float'에서 'LONG'(으)로 변환하면서 데이터가 손실될 수 있습니다.
c:\users\박유민\desktop\simple_dont_starve\apiframework(d2d)\apiframework(d2d)\gamenode.cpp(91): warning C4244: '=': 'float'에서 'LONG'(으)로 변환하면서 데이터가 손실될 수 있습니다.
  crafting.cpp
c:\users\박유민\desktop\simple_dont_starve\apiframework(d2d)\apiframework(d2d)\crafting.cpp(47): warning C4244: '인수': 'int'에서 'float'(으)로 변환하면서 데이터가 손실될 수 있습니다.
  cameraManager.cpp
c:\users\박유민\desktop\simple_dont_starve\apiframework(d2d)\apiframework(d2d)\cameramanager.cpp(34): warning C4244: '=': 'float'에서 'LONG'(으)로 변환하면서 데이터가 손실될 수 있습니다.
c:\users\박유민\desktop\simple_dont_starve\apiframework(d2d)\apiframework(d2d)\cameramanager.cpp(35): warning C4244: '=': 'float'에서 'LONG'(으)로 변환하면서 데이터가 손실될 수 있습니다.
  UImanager.cpp
  Tiles.cpp
  코드를 생성하고 있습니다...
c:\users\박유민\desktop\simple_dont_starve\apiframework(d2d)\apiframework(d2d)\inidata.cpp(81): warning C4172: 지역 변수 또는 임시: data의 주소를 반환하고 있습니다.
  컴파일하고 있습니다...
  Objects.cpp
  Minimap.cpp
  Map.cpp
  LoadingMapScene.cpp
c:\users\박유민\desktop\simple_dont_starve\apiframework(d2d)\apiframework(d2d)\loadingmapscene.cpp(66): warning C4244: '인수': 'float'에서 'int'(으)로 변환하면서 데이터가 손실될 수 있습니다.
  LoadingMainScene.cpp
  Inventory.cpp
c:\users\박유민\desktop\simple_dont_starve\apiframework(d2d)\apiframework(d2d)\inventory.cpp(40): warning C4244: '인수': 'int'에서 'float'(으)로 변환하면서 데이터가 손실될 수 있습니다.
c:\users\박유민\desktop\simple_dont_starve\apiframework(d2d)\apiframework(d2d)\inventory.cpp(45): warning C4244: '인수': 'int'에서 'float'(으)로 변환하면서 데이터가 손실될 수 있습니다.
c:\users\박유민\desktop\simple_dont_starve\apiframework(d2d)\apiframework(d2d)\inventory.cpp(50): warning C4244: '인수': 'int'에서 'float'(으)로 변환하면서 데이터가 손실될 수 있습니다.
  Character.cpp
c:\users\박유민\desktop\simple_dont_starve\apiframework(d2d)\apiframework(d2d)\character.cpp(52): warning C4244: '=': 'float'에서 'LONG'(으)로 변환하면서 데이터가 손실될 수 있습니다.
c:\users\박유민\desktop\simple_dont_starve\apiframework(d2d)\apiframework(d2d)\character.cpp(53): warning C4244: '=': 'float'에서 'LONG'(으)로 변환하면서 데이터가 손실될 수 있습니다.
  APIFrameWork(D2D).cpp
c:\users\박유민\desktop\simple_dont_starve\apiframework(d2d)\apiframework(d2d)\apiframework(d2d).cpp(111): warning C4244: '인수': 'float'에서 'int'(으)로 변환하면서 데이터가 손실될 수 있습니다.
c:\users\박유민\desktop\simple_dont_starve\apiframework(d2d)\apiframework(d2d)\apiframework(d2d).cpp(119): warning C4244: '=': 'float'에서 'LONG'(으)로 변환하면서 데이터가 손실될 수 있습니다.
c:\users\박유민\desktop\simple_dont_starve\apiframework(d2d)\apiframework(d2d)\apiframework(d2d).cpp(120): warning C4244: '=': 'float'에서 'LONG'(으)로 변환하면서 데이터가 손실될 수 있습니다.
  코드를 생성하고 있습니다...
  APIFrameWork(D2D).vcxproj -> C:\Users\박유민\Desktop\simple_dont_starve\APIFrameWork(D2D)\Debug\APIFrameWork(D2D).exe
  APIFrameWork(D2D).vcxproj -> C:\Users\박유민\Desktop\simple_dont_starve\APIFrameWork(D2D)\Debug\APIFrameWork(D2D).pdb (Full PDB)
